<?xml version="1.0" encoding="UTF-8"?>
<!-- Generated by org.testng.reporters.JUnitXMLReporter -->
<testsuite hostname="inbl01lap04326" ignored="0" name="Validating Title" tests="2" failures="1" timestamp="04 May 2021 07:44:39 GMT" time="31.776" errors="0">
  <testcase name="ValidateTitleNavigation" time="0.042" classname="Academy.validateTitle"/>
  <testcase name="ValidateheaderText" time="0.032" classname="Academy.validateTitle">
    <failure type="junit.framework.ComparisonFailure" message="expected:&amp;lt;...RYTHING ABOUT TESTIN[G]&amp;gt; but was:&amp;lt;...RYTHING ABOUT TESTIN[]&amp;gt;">
      <![CDATA[junit.framework.ComparisonFailure: expected:<...RYTHING ABOUT TESTIN[G]> but was:<...RYTHING ABOUT TESTIN[]>
at junit.framework.Assert.assertEquals(Assert.java:100)
at junit.framework.Assert.assertEquals(Assert.java:107)
at Academy.validateTitle.ValidateheaderText(validateTitle.java:44)
at java.util.concurrent.FutureTask.run(FutureTask.java:266)
at java.util.concurrent.ThreadPoolExecutor.runWorker(ThreadPoolExecutor.java:1149)
at java.util.concurrent.ThreadPoolExecutor$Worker.run(ThreadPoolExecutor.java:624)
at java.lang.Thread.run(Thread.java:748)
... Removed 16 stack frames]]>
    </failure>
  </testcase> <!-- ValidateheaderText -->
</testsuite> <!-- Validating Title -->
