<?xml version="1.0" encoding="UTF-8"?>
<testsuite xmlns:xsi="http://www.w3.org/2001/XMLSchema-instance" xsi:noNamespaceSchemaLocation="https://maven.apache.org/surefire/maven-surefire-plugin/xsd/surefire-test-report-3.0.xsd" version="3.0" name="TestSuite" time="40.827" tests="5" errors="0" skipped="0" failures="1">
  <properties>
[...]
</properties>
  <testcase name="validateNavigation" classname="Academy.ValidateNavigation" time="0.154">
    <system-err><![CDATA[SLF4J: Class path contains multiple SLF4J bindings.
SLF4J: Found binding in [jar:file:/C:/Users/dileep.kumar/.m2/repository/org/sonatype/gossip/gossip/1.0/gossip-1.0.jar!/org/slf4j/impl/StaticLoggerBinder.class]
SLF4J: Found binding in [jar:file:/C:/Users/dileep.kumar/.m2/repository/org/slf4j/slf4j-nop/1.5.3/slf4j-nop-1.5.3.jar!/org/slf4j/impl/StaticLoggerBinder.class]
SLF4J: Found binding in [jar:file:/C:/Users/dileep.kumar/.m2/repository/org/slf4j/slf4j-jdk14/1.5.6/slf4j-jdk14-1.5.6.jar!/org/slf4j/impl/StaticLoggerBinder.class]
SLF4J: See http://www.slf4j.org/codes.html#multiple_bindings for an explanation.
SSttaratirntg iChnrgo meCDrhirveorm e8DS9rt.ia0v.rer4t 3i88n99g. .0C2.3h43 r8(o9m6.e12bD30r (i86ve1eebr20c 885e09e.02c205.40b40a3248bb90a0.b4203e04 48(ed64821dbb201bb81b0e0e88332cccdd5bd0bad0c2a57c495b-7are9bf0-sr/0b4erfeasn4c8/hbd-r2habea1ndbcs0h/-8433h8ec9ad@bd{#ds2/a9c4435})78 99o@n- {rp#oe2rf9ts4}/ ) b3or3na8n 4pc4ohr-
Ohtn ela4yd5 6slo9/c4a
3lO8 n9cl@on{yn #el2c9oti4co}ans)l a  reco onaln lopnweeod.crtt
P ile8oasn6e1s  7sae
reeO n htlatpylsl :/ol/wochecradoml.ed rc
iPovelnr.encaehrcsotem iisounemse.  orhagtr/tesp easc:lul/ri/otcwyeh-rdc.oomnse
iPddlreeirvaasetiero. ncsseh fero or mhsitugutgmpe.sst:oir/o/gnsc/ shoner ockeumerepidinrtgyi v-Ccehrroon.mcseDihrrdieovrmeria utsmiaf.oeno.sr
 gf/soer cusurigtgeys-ctoionnsis deonra tkieeonpsin fg oCrh rsougmgeDerstivioerns  soanfe .ke
eping ChromeDriver safe.
CChhrroommeeDDrriivveerr  wwaass  ssttaarrtteedd  ssuucccceessssffuullllyy..

ChromeDriver was started successfully.
[1620114253.147][WARNING]: This version of ChromeDriver has not been tested with Chrome version 90.
[1620114253.199][WARNING]: This version of ChromeDriver has not been tested with Chrome version 90.
[1620114253.496][WARNING]: This version of ChromeDriver has not been tested with Chrome version 90.
May 04, 2021 1:14:16 PM org.openqa.selenium.remote.ProtocolHandshake createSession
INFO: Detected dialect: W3C
May 04, 2021 1:14:16 PM org.openqa.selenium.remote.ProtocolHandshake createSession
INFO: Detected dialect: W3C
May 04, 2021 1:14:16 PM org.openqa.selenium.remote.ProtocolHandshake createSession
INFO: Detected dialect: W3C
]]></system-err>
  </testcase>
  <testcase name="ValidateTitleNavigation" classname="Academy.validateTitle" time="0.041"/>
  <testcase name="ValidateheaderText" classname="Academy.validateTitle" time="0.408">
    <failure message="expected:&lt;...RYTHING ABOUT TESTIN[G]&gt; but was:&lt;...RYTHING ABOUT TESTIN[]&gt;" type="junit.framework.ComparisonFailure"><![CDATA[junit.framework.ComparisonFailure: expected:<...RYTHING ABOUT TESTIN[G]> but was:<...RYTHING ABOUT TESTIN[]>
	at Academy.validateTitle.ValidateheaderText(validateTitle.java:44)
]]></failure>
  </testcase>
  <testcase name="hompage[nonretricteduser@gmail.com, passNonrestricted, This is not restirected user](1)" classname="Academy.Homepage" time="3.697">
    <system-out><![CDATA[This is not restirected user
]]></system-out>
  </testcase>
  <testcase name="hompage[retricteduser@gmail.com, passrestricted, This is restirected user](2)" classname="Academy.Homepage" time="3.282">
    <system-out><![CDATA[This is restirected user
]]></system-out>
  </testcase>
</testsuite>